Using pre-set license
Built from '2020.3/staging' branch; Version is '2020.3.0f1 (c7b5465681fb) revision 13088070'; Using compiler version '192528614'; Build Type 'Release'
OS: 'Windows 10 Pro; OS build 17763.1282; Version 1809; 64bit' Language: 'en' Physical Memory: 8102 MB
BatchMode: 1, IsHumanControllingUs: 0, StartBugReporterOnCrash: 0, Is64bit: 1, IsPro: 0

 COMMAND LINE ARGUMENTS:
C:\Program Files\Unity\Editor\Unity.exe
-adb2
-batchMode
-noUpm
-name
AssetImportWorker26
-projectPath
C:/Stuff/Games/Ecoexistence/FlappyBee/FlappyBee
-logFile
Logs/AssetImportWorker26.log
-srvPort
51449
Successfully changed project path to: C:/Stuff/Games/Ecoexistence/FlappyBee/FlappyBee
C:/Stuff/Games/Ecoexistence/FlappyBee/FlappyBee
Using Asset Import Pipeline V2.
Refreshing native plugins compatible for Editor in 562.03 ms, found 1 plugins.
Preloading 0 native plugins for Editor in 0.00 ms.
Initialize engine version: 2020.3.0f1 (c7b5465681fb)
[Subsystems] Discovering subsystems at path C:/Program Files/Unity/Editor/Data/Resources/UnitySubsystems
[Subsystems] Discovering subsystems at path C:/Stuff/Games/Ecoexistence/FlappyBee/FlappyBee/Assets
GfxDevice: creating device client; threaded=0
Direct3D:
    Version:  Direct3D 11.0 [level 11.1]
    Renderer: Intel(R) HD Graphics 520 (ID=0x1916)
    Vendor:   
    VRAM:     4051 MB
    Driver:   22.20.16.4836
Initialize mono
Mono path[0] = 'C:/Program Files/Unity/Editor/Data/Managed'
Mono path[1] = 'C:/Program Files/Unity/Editor/Data/MonoBleedingEdge/lib/mono/unityjit'
Mono config path = 'C:/Program Files/Unity/Editor/Data/MonoBleedingEdge/etc'
Using monoOptions --debugger-agent=transport=dt_socket,embedding=1,server=y,suspend=n,address=127.0.0.1:56664
Begin MonoManager ReloadAssembly
Registering precompiled unity dll's ...
Register platform support module: C:/Program Files/Unity/Editor/Data/PlaybackEngines/WebGLSupport/UnityEditor.WebGL.Extensions.dll
Register platform support module: C:/Program Files/Unity/Editor/Data/PlaybackEngines/WindowsStandaloneSupport/UnityEditor.WindowsStandalone.Extensions.dll
Registered in 0.002787 seconds.
Native extension for WindowsStandalone target not found
Native extension for WebGL target not found
Refreshing native plugins compatible for Editor in 71.25 ms, found 1 plugins.
Preloading 0 native plugins for Editor in 0.00 ms.
Invoked RoslynAnalysisRunner static constructor.
RoslynAnalysisRunner will not be running.
RoslynAnalysisRunner has terminated.
Mono: successfully reloaded assembly
- Completed reload, in  6.452 seconds
Platform modules already initialized, skipping
Registering precompiled user dll's ...
Registered in 0.001582 seconds.
Begin MonoManager ReloadAssembly
Native extension for WindowsStandalone target not found
Native extension for WebGL target not found
Refreshing native plugins compatible for Editor in 74.22 ms, found 1 plugins.
Preloading 0 native plugins for Editor in 0.00 ms.
Invoked RoslynAnalysisRunner static constructor.
RoslynAnalysisRunner will not be running.
RoslynAnalysisRunner has terminated.
Mono: successfully reloaded assembly
- Completed reload, in  1.795 seconds
Platform modules already initialized, skipping
========================================================================
Worker process is ready to serve import requests
Launched and connected shader compiler UnityShaderCompiler.exe after 0.20 seconds
Refreshing native plugins compatible for Editor in 0.66 ms, found 1 plugins.
Preloading 0 native plugins for Editor in 0.00 ms.
Unloading 1885 Unused Serialized files (Serialized files now loaded: 0)
System memory in use before: 88.5 MB.
System memory in use after: 88.5 MB.

Unloading 22 unused Assets to reduce memory usage. Loaded Objects now: 2345.
Total: 3.066500 ms (FindLiveObjects: 0.325400 ms CreateObjectMapping: 0.116100 ms MarkObjects: 2.462200 ms  DeleteObjects: 0.161200 ms)

AssetImportParameters requested are different than current active one (requested -> active):
  requireTextureImportCompression: false -> true
========================================================================
Received Prepare
Refreshing native plugins compatible for Editor in 20.35 ms, found 1 plugins.
Preloading 0 native plugins for Editor in 0.00 ms.
Unloading 9 Unused Serialized files (Serialized files now loaded: 0)
System memory in use before: 51.3 MB.
System memory in use after: 51.3 MB.

Unloading 9 unused Assets to reduce memory usage. Loaded Objects now: 2345.
Total: 15.280100 ms (FindLiveObjects: 0.332400 ms CreateObjectMapping: 0.113500 ms MarkObjects: 14.663000 ms  DeleteObjects: 0.169400 ms)

AssetImportParameters requested are different than current active one (requested -> active):
  requireTextureImportCompression: false -> true
========================================================================
Received Import Request.
  path: Assets/Prefabs/Obstacles/obstacle wall double 2.prefab
  artifactKey: Guid(f221930cebabea24e931e1d3db0187a8) Importer(815301076,1909f56bfc062723c751e8b465ee728b)
Start importing Assets/Prefabs/Obstacles/obstacle wall double 2.prefab using Guid(f221930cebabea24e931e1d3db0187a8) Importer(815301076,1909f56bfc062723c751e8b465ee728b)  -> (artifact id: '197d51519d2476a73797e78b2e6611d9') in 1.368631 seconds
  Import took 1.391111 seconds .

========================================================================
Received Import Request.
  Time since last request: 33.325697 seconds.
  path: Assets/Prefabs/Obstacles/obstacle wall double 1.prefab
  artifactKey: Guid(686756ee9524c31458ff2f3d5ea2b50a) Importer(815301076,1909f56bfc062723c751e8b465ee728b)
Start importing Assets/Prefabs/Obstacles/obstacle wall double 1.prefab using Guid(686756ee9524c31458ff2f3d5ea2b50a) Importer(815301076,1909f56bfc062723c751e8b465ee728b)  -> (artifact id: '321fca9db526f38987a9f025d2c167d9') in 0.443267 seconds
  Import took 0.449957 seconds .

========================================================================
Received Prepare
Registering precompiled user dll's ...
Registered in 5.555777 seconds.
Begin MonoManager ReloadAssembly
Native extension for WindowsStandalone target not found
Native extension for WebGL target not found
Refreshing native plugins compatible for Editor in 0.65 ms, found 1 plugins.
Preloading 0 native plugins for Editor in 0.00 ms.
Invoked RoslynAnalysisRunner static constructor.
RoslynAnalysisRunner will not be running.
RoslynAnalysisRunner has terminated.
Mono: successfully reloaded assembly
- Completed reload, in  2.766 seconds
Platform modules already initialized, skipping
Switching build target platform(5) subTarget(0) extendedPlatform(0) -> platform(13) subTarget(589824) extendedPlatform(0)
Refreshing native plugins compatible for Editor in 1.37 ms, found 1 plugins.
Preloading 0 native plugins for Editor in 0.00 ms.
Unloading 1882 Unused Serialized files (Serialized files now loaded: 0)
System memory in use before: 91.3 MB.
System memory in use after: 91.3 MB.

Unloading 11 unused Assets to reduce memory usage. Loaded Objects now: 2356.
Total: 8.463900 ms (FindLiveObjects: 5.282700 ms CreateObjectMapping: 0.181900 ms MarkObjects: 2.856300 ms  DeleteObjects: 0.141400 ms)

AssetImportParameters requested are different than current active one (requested -> active):
  requireTextureImportCompression: false -> true
  custom:graphics/normal-map-encoding: 01000000000000000000000000000000 -> 02000000000000000000000000000000
========================================================================
Received Prepare
Registering precompiled user dll's ...
Registered in 0.001567 seconds.
Begin MonoManager ReloadAssembly
Native extension for WindowsStandalone target not found
Native extension for WebGL target not found
Refreshing native plugins compatible for Editor in 0.84 ms, found 1 plugins.
Preloading 0 native plugins for Editor in 0.00 ms.
Invoked RoslynAnalysisRunner static constructor.
RoslynAnalysisRunner will not be running.
RoslynAnalysisRunner has terminated.
Mono: successfully reloaded assembly
- Completed reload, in  1.573 seconds
Platform modules already initialized, skipping
Switching build target platform(5) subTarget(0) extendedPlatform(0) -> platform(13) subTarget(589824) extendedPlatform(0)
Refreshing native plugins compatible for Editor in 0.66 ms, found 1 plugins.
Preloading 0 native plugins for Editor in 0.00 ms.
Unloading 1882 Unused Serialized files (Serialized files now loaded: 0)
System memory in use before: 91.3 MB.
System memory in use after: 91.3 MB.

Unloading 11 unused Assets to reduce memory usage. Loaded Objects now: 2360.
Total: 3.493400 ms (FindLiveObjects: 0.681800 ms CreateObjectMapping: 0.108700 ms MarkObjects: 2.530500 ms  DeleteObjects: 0.171100 ms)

AssetImportParameters requested are different than current active one (requested -> active):
  requireTextureImportCompression: false -> true
  custom:graphics/normal-map-encoding: 01000000000000000000000000000000 -> 02000000000000000000000000000000
========================================================================
Received Import Request.
  Time since last request: 131.131587 seconds.
  path: Assets/Prefabs/Obstacles/obstacle pipe 3.prefab
  artifactKey: Guid(bb69e393ade2aa746a770c300a8e9e6e) Importer(815301076,1909f56bfc062723c751e8b465ee728b)
Start importing Assets/Prefabs/Obstacles/obstacle pipe 3.prefab using Guid(bb69e393ade2aa746a770c300a8e9e6e) Importer(815301076,1909f56bfc062723c751e8b465ee728b)  -> (artifact id: '5208c8201b58d431613305203f67175e') in 0.968077 seconds
  Import took 0.972778 seconds .

========================================================================
Received Import Request.
  Time since last request: 0.000096 seconds.
  path: Assets/Prefabs/Obstacles/obstacle pipe 3.prefab
  artifactKey: Guid(bb69e393ade2aa746a770c300a8e9e6e) Importer(815301076,1909f56bfc062723c751e8b465ee728b)
Start importing Assets/Prefabs/Obstacles/obstacle pipe 3.prefab using Guid(bb69e393ade2aa746a770c300a8e9e6e) Importer(815301076,1909f56bfc062723c751e8b465ee728b)  -> (artifact id: '5208c8201b58d431613305203f67175e') in 0.138908 seconds
  Import took 0.173183 seconds .

========================================================================
Received Import Request.
  Time since last request: 73.108009 seconds.
  path: Assets/Config/Resources/Registry.asset
  artifactKey: Guid(1a5cd5d657bf8094bae0ba8b522ede19) Importer(815301076,1909f56bfc062723c751e8b465ee728b)
Start importing Assets/Config/Resources/Registry.asset using Guid(1a5cd5d657bf8094bae0ba8b522ede19) Importer(815301076,1909f56bfc062723c751e8b465ee728b)  -> (artifact id: 'ec450d73c3f68cf25032ca04c2db3099') in 0.077284 seconds
  Import took 0.085834 seconds .

========================================================================
Received Prepare
Registering precompiled user dll's ...
Registered in 0.002364 seconds.
Begin MonoManager ReloadAssembly
Native extension for WindowsStandalone target not found
Native extension for WebGL target not found
Refreshing native plugins compatible for Editor in 0.92 ms, found 1 plugins.
Preloading 0 native plugins for Editor in 0.00 ms.
Invoked RoslynAnalysisRunner static constructor.
RoslynAnalysisRunner will not be running.
RoslynAnalysisRunner has terminated.
Mono: successfully reloaded assembly
- Completed reload, in  1.703 seconds
Platform modules already initialized, skipping
Switching build target platform(5) subTarget(0) extendedPlatform(0) -> platform(13) subTarget(589824) extendedPlatform(0)
Refreshing native plugins compatible for Editor in 0.84 ms, found 1 plugins.
Preloading 0 native plugins for Editor in 0.00 ms.
Unloading 1882 Unused Serialized files (Serialized files now loaded: 0)
System memory in use before: 91.5 MB.
System memory in use after: 91.5 MB.

Unloading 11 unused Assets to reduce memory usage. Loaded Objects now: 2365.
Total: 3.221400 ms (FindLiveObjects: 0.500500 ms CreateObjectMapping: 0.121000 ms MarkObjects: 2.451000 ms  DeleteObjects: 0.147700 ms)

AssetImportParameters requested are different than current active one (requested -> active):
  requireTextureImportCompression: false -> true
  custom:graphics/normal-map-encoding: 01000000000000000000000000000000 -> 02000000000000000000000000000000
========================================================================
Received Import Request.
  Time since last request: 12.406595 seconds.
  path: Assets/Config/Resources/Registry.asset
  artifactKey: Guid(1a5cd5d657bf8094bae0ba8b522ede19) Importer(815301076,1909f56bfc062723c751e8b465ee728b)
Start importing Assets/Config/Resources/Registry.asset using Guid(1a5cd5d657bf8094bae0ba8b522ede19) Importer(815301076,1909f56bfc062723c751e8b465ee728b)  -> (artifact id: 'd3fa93c5930128a51d05ea21967b0216') in 0.074670 seconds
  Import took 0.082448 seconds .

========================================================================
Received Import Request.
  Time since last request: 20.334480 seconds.
  path: Assets/Config/Blocks/Obstacle wall double 1.asset
  artifactKey: Guid(5ca8277ff360c3a42a981b92e912d4f9) Importer(815301076,1909f56bfc062723c751e8b465ee728b)
Start importing Assets/Config/Blocks/Obstacle wall double 1.asset using Guid(5ca8277ff360c3a42a981b92e912d4f9) Importer(815301076,1909f56bfc062723c751e8b465ee728b)  -> (artifact id: '204cb906322bf299f1902b066ba79c54') in 0.025631 seconds
  Import took 0.049488 seconds .

========================================================================
Received Import Request.
  Time since last request: 12.329790 seconds.
  path: Assets/Prefabs/Obstacles/obstacle wall double 2.prefab
  artifactKey: Guid(f221930cebabea24e931e1d3db0187a8) Importer(815301076,1909f56bfc062723c751e8b465ee728b)
Start importing Assets/Prefabs/Obstacles/obstacle wall double 2.prefab using Guid(f221930cebabea24e931e1d3db0187a8) Importer(815301076,1909f56bfc062723c751e8b465ee728b)  -> (artifact id: '96acfbc1ffc1b86303f0cdfe379b2e72') in 0.973540 seconds
  Import took 1.008979 seconds .

========================================================================
Received Import Request.
  Time since last request: 14.439927 seconds.
  path: Assets/Prefabs/Obstacles/obstacle pipe 1.prefab
  artifactKey: Guid(74e0dd366afdad246ac537c6bee68276) Importer(815301076,1909f56bfc062723c751e8b465ee728b)
Start importing Assets/Prefabs/Obstacles/obstacle pipe 1.prefab using Guid(74e0dd366afdad246ac537c6bee68276) Importer(815301076,1909f56bfc062723c751e8b465ee728b)  -> (artifact id: '93c765ab64d2a2b70b18891444ee51bf') in 0.333311 seconds
  Import took 0.339015 seconds .

========================================================================
Received Import Request.
  Time since last request: 10.988145 seconds.
  path: Assets/Prefabs/Obstacles/obstacle wall double 2.prefab
  artifactKey: Guid(f221930cebabea24e931e1d3db0187a8) Importer(815301076,1909f56bfc062723c751e8b465ee728b)
Start importing Assets/Prefabs/Obstacles/obstacle wall double 2.prefab using Guid(f221930cebabea24e931e1d3db0187a8) Importer(815301076,1909f56bfc062723c751e8b465ee728b)  -> (artifact id: 'd1a3bbc776e339f9a33b9a7c44740b7a') in 0.174796 seconds
  Import took 0.181673 seconds .

========================================================================
Received Import Request.
  Time since last request: 0.425491 seconds.
  path: Assets/Prefabs/Obstacles/obstacle wall double 1.prefab
  artifactKey: Guid(686756ee9524c31458ff2f3d5ea2b50a) Importer(815301076,1909f56bfc062723c751e8b465ee728b)
Start importing Assets/Prefabs/Obstacles/obstacle wall double 1.prefab using Guid(686756ee9524c31458ff2f3d5ea2b50a) Importer(815301076,1909f56bfc062723c751e8b465ee728b)  -> (artifact id: '2f0ec415e3b75448da9ad558f1843b4d') in 0.279659 seconds
  Import took 0.286671 seconds .

========================================================================
Received Import Request.
  Time since last request: 19.887042 seconds.
  path: Assets/Scripts/Blocks/BlockMover_Horizontal.cs
  artifactKey: Guid(07e7c7be527f7844284d5c2b64b763ef) Importer(815301076,1909f56bfc062723c751e8b465ee728b)
Start importing Assets/Scripts/Blocks/BlockMover_Horizontal.cs using Guid(07e7c7be527f7844284d5c2b64b763ef) Importer(815301076,1909f56bfc062723c751e8b465ee728b)  -> (artifact id: 'a9c9c71e46624385fd73c99786483d98') in 0.070181 seconds
  Import took 0.076021 seconds .

========================================================================
Received Import Request.
  Time since last request: 18.513633 seconds.
  path: Assets/Scripts/Blocks/BlockData.cs
  artifactKey: Guid(8fd9673b8a7eebc43a0f58175063b2fb) Importer(815301076,1909f56bfc062723c751e8b465ee728b)
Start importing Assets/Scripts/Blocks/BlockData.cs using Guid(8fd9673b8a7eebc43a0f58175063b2fb) Importer(815301076,1909f56bfc062723c751e8b465ee728b)  -> (artifact id: '48c5fbf7dbd12946cbe197936a34e460') in 0.023353 seconds
  Import took 0.030306 seconds .

========================================================================
Received Import Request.
  Time since last request: 29.756253 seconds.
  path: Assets/Scripts/Blocks/BlockRotator.cs
  artifactKey: Guid(c93b7748f3ff1874090568e3e91c4943) Importer(815301076,1909f56bfc062723c751e8b465ee728b)
Start importing Assets/Scripts/Blocks/BlockRotator.cs using Guid(c93b7748f3ff1874090568e3e91c4943) Importer(815301076,1909f56bfc062723c751e8b465ee728b)  -> (artifact id: '863b8f305c7107608df7903e86d68108') in 7.104544 seconds
  Import took 7.110887 seconds .

========================================================================
Received Prepare
Registering precompiled user dll's ...
Registered in 0.001908 seconds.
Begin MonoManager ReloadAssembly
Native extension for WindowsStandalone target not found
Native extension for WebGL target not found
Refreshing native plugins compatible for Editor in 0.65 ms, found 1 plugins.
Preloading 0 native plugins for Editor in 0.00 ms.
Invoked RoslynAnalysisRunner static constructor.
RoslynAnalysisRunner will not be running.
RoslynAnalysisRunner has terminated.
Mono: successfully reloaded assembly
- Completed reload, in  1.618 seconds
Platform modules already initialized, skipping
Switching build target platform(5) subTarget(0) extendedPlatform(0) -> platform(13) subTarget(589824) extendedPlatform(0)
Refreshing native plugins compatible for Editor in 0.67 ms, found 1 plugins.
Preloading 0 native plugins for Editor in 0.00 ms.
Unloading 1883 Unused Serialized files (Serialized files now loaded: 0)
System memory in use before: 91.6 MB.
System memory in use after: 91.6 MB.

Unloading 11 unused Assets to reduce memory usage. Loaded Objects now: 2371.
Total: 4.126300 ms (FindLiveObjects: 0.336400 ms CreateObjectMapping: 0.125100 ms MarkObjects: 3.519200 ms  DeleteObjects: 0.144000 ms)

AssetImportParameters requested are different than current active one (requested -> active):
  requireTextureImportCompression: false -> true
  custom:graphics/normal-map-encoding: 01000000000000000000000000000000 -> 02000000000000000000000000000000
========================================================================
Received Import Request.
  Time since last request: 97.169492 seconds.
  path: Assets/Scripts/Blocks/BlockRotator.cs
  artifactKey: Guid(c93b7748f3ff1874090568e3e91c4943) Importer(815301076,1909f56bfc062723c751e8b465ee728b)
Start importing Assets/Scripts/Blocks/BlockRotator.cs using Guid(c93b7748f3ff1874090568e3e91c4943) Importer(815301076,1909f56bfc062723c751e8b465ee728b)  -> (artifact id: '00000000000000000000000000000000') in 0.002716 seconds
  ERROR: Build asset version error: assets/scripts/blocks/blockrotator.cs in SourceAssetDB has modification time of '2021-11-20T00:59:18.3316522Z' while content on disk has modification time of '2021-11-20T00:59:33.2062196Z'
  Import took 0.008189 seconds .

========================================================================
Received Import Request.
  Time since last request: 81.178690 seconds.
  path: Assets/Scripts/Blocks/BlockRotator.cs
  artifactKey: Guid(c93b7748f3ff1874090568e3e91c4943) Importer(815301076,1909f56bfc062723c751e8b465ee728b)
Start importing Assets/Scripts/Blocks/BlockRotator.cs using Guid(c93b7748f3ff1874090568e3e91c4943) Importer(815301076,1909f56bfc062723c751e8b465ee728b)  -> (artifact id: '16cef027c3391cb462c2a39d6acfac84') in 0.017202 seconds
  Import took 1.125970 seconds .

========================================================================
Received Prepare
Registering precompiled user dll's ...
Registered in 0.029901 seconds.
Begin MonoManager ReloadAssembly
Native extension for WindowsStandalone target not found
Native extension for WebGL target not found
Refreshing native plugins compatible for Editor in 0.65 ms, found 1 plugins.
Preloading 0 native plugins for Editor in 0.00 ms.
Invoked RoslynAnalysisRunner static constructor.
RoslynAnalysisRunner will not be running.
RoslynAnalysisRunner has terminated.
Mono: successfully reloaded assembly
- Completed reload, in  2.167 seconds
Platform modules already initialized, skipping
Switching build target platform(5) subTarget(0) extendedPlatform(0) -> platform(13) subTarget(589824) extendedPlatform(0)
Refreshing native plugins compatible for Editor in 0.87 ms, found 1 plugins.
Preloading 0 native plugins for Editor in 0.00 ms.
Unloading 1883 Unused Serialized files (Serialized files now loaded: 0)
System memory in use before: 91.6 MB.
System memory in use after: 91.6 MB.

Unloading 11 unused Assets to reduce memory usage. Loaded Objects now: 2375.
Total: 6.345800 ms (FindLiveObjects: 0.349100 ms CreateObjectMapping: 0.134800 ms MarkObjects: 5.204300 ms  DeleteObjects: 0.655800 ms)

AssetImportParameters requested are different than current active one (requested -> active):
  requireTextureImportCompression: false -> true
  custom:graphics/normal-map-encoding: 01000000000000000000000000000000 -> 02000000000000000000000000000000
========================================================================
Received Prepare
Registering precompiled user dll's ...
Registered in 0.001865 seconds.
Begin MonoManager ReloadAssembly
Native extension for WindowsStandalone target not found
Native extension for WebGL target not found
Refreshing native plugins compatible for Editor in 1.08 ms, found 1 plugins.
Preloading 0 native plugins for Editor in 0.00 ms.
Invoked RoslynAnalysisRunner static constructor.
RoslynAnalysisRunner will not be running.
RoslynAnalysisRunner has terminated.
Mono: successfully reloaded assembly
- Completed reload, in  1.744 seconds
Platform modules already initialized, skipping
Switching build target platform(5) subTarget(0) extendedPlatform(0) -> platform(13) subTarget(589824) extendedPlatform(0)
Refreshing native plugins compatible for Editor in 0.65 ms, found 1 plugins.
Preloading 0 native plugins for Editor in 0.00 ms.
Unloading 1883 Unused Serialized files (Serialized files now loaded: 0)
System memory in use before: 91.6 MB.
System memory in use after: 91.6 MB.

Unloading 11 unused Assets to reduce memory usage. Loaded Objects now: 2379.
Total: 3.702500 ms (FindLiveObjects: 0.349800 ms CreateObjectMapping: 0.139700 ms MarkObjects: 3.059600 ms  DeleteObjects: 0.151500 ms)

AssetImportParameters requested are different than current active one (requested -> active):
  requireTextureImportCompression: false -> true
  custom:graphics/normal-map-encoding: 01000000000000000000000000000000 -> 02000000000000000000000000000000
========================================================================
Received Import Request.
  Time since last request: 73.683877 seconds.
  path: Assets/Prefabs/Obstacles/obstacle pipe 1.prefab
  artifactKey: Guid(74e0dd366afdad246ac537c6bee68276) Importer(815301076,1909f56bfc062723c751e8b465ee728b)
Start importing Assets/Prefabs/Obstacles/obstacle pipe 1.prefab using Guid(74e0dd366afdad246ac537c6bee68276) Importer(815301076,1909f56bfc062723c751e8b465ee728b)  -> (artifact id: 'e774694b59e4f30081a3e81f3724ff6c') in 0.636893 seconds
  Import took 0.641604 seconds .

========================================================================
Received Prepare
Registering precompiled user dll's ...
Registered in 0.002046 seconds.
Begin MonoManager ReloadAssembly
Native extension for WindowsStandalone target not found
Native extension for WebGL target not found
Refreshing native plugins compatible for Editor in 1.17 ms, found 1 plugins.
Preloading 0 native plugins for Editor in 0.00 ms.
Invoked RoslynAnalysisRunner static constructor.
RoslynAnalysisRunner will not be running.
RoslynAnalysisRunner has terminated.
Mono: successfully reloaded assembly
- Completed reload, in  1.822 seconds
Platform modules already initialized, skipping
Switching build target platform(5) subTarget(0) extendedPlatform(0) -> platform(13) subTarget(589824) extendedPlatform(0)
Refreshing native plugins compatible for Editor in 0.67 ms, found 1 plugins.
Preloading 0 native plugins for Editor in 0.00 ms.
Unloading 1883 Unused Serialized files (Serialized files now loaded: 0)
System memory in use before: 91.6 MB.
System memory in use after: 91.6 MB.

Unloading 11 unused Assets to reduce memory usage. Loaded Objects now: 2384.
Total: 3.546000 ms (FindLiveObjects: 0.330100 ms CreateObjectMapping: 0.140300 ms MarkObjects: 2.924000 ms  DeleteObjects: 0.150100 ms)

AssetImportParameters requested are different than current active one (requested -> active):
  requireTextureImportCompression: false -> true
  custom:graphics/normal-map-encoding: 01000000000000000000000000000000 -> 02000000000000000000000000000000
========================================================================
Received Prepare
Registering precompiled user dll's ...
Registered in 0.002556 seconds.
Begin MonoManager ReloadAssembly
Native extension for WindowsStandalone target not found
Native extension for WebGL target not found
Refreshing native plugins compatible for Editor in 0.65 ms, found 1 plugins.
Preloading 0 native plugins for Editor in 0.00 ms.
Invoked RoslynAnalysisRunner static constructor.
RoslynAnalysisRunner will not be running.
RoslynAnalysisRunner has terminated.
Mono: successfully reloaded assembly
- Completed reload, in  1.759 seconds
Platform modules already initialized, skipping
Switching build target platform(5) subTarget(0) extendedPlatform(0) -> platform(13) subTarget(589824) extendedPlatform(0)
Refreshing native plugins compatible for Editor in 0.64 ms, found 1 plugins.
Preloading 0 native plugins for Editor in 0.00 ms.
Unloading 1883 Unused Serialized files (Serialized files now loaded: 0)
System memory in use before: 91.6 MB.
System memory in use after: 91.7 MB.

Unloading 11 unused Assets to reduce memory usage. Loaded Objects now: 2388.
Total: 4.441100 ms (FindLiveObjects: 0.331400 ms CreateObjectMapping: 0.114100 ms MarkObjects: 2.570700 ms  DeleteObjects: 0.152800 ms)

AssetImportParameters requested are different than current active one (requested -> active):
  requireTextureImportCompression: false -> true
  custom:graphics/normal-map-encoding: 01000000000000000000000000000000 -> 02000000000000000000000000000000
========================================================================
Received Prepare
Registering precompiled user dll's ...
Registered in 0.002913 seconds.
Begin MonoManager ReloadAssembly
Native extension for WindowsStandalone target not found
Native extension for WebGL target not found
Refreshing native plugins compatible for Editor in 0.88 ms, found 1 plugins.
Preloading 0 native plugins for Editor in 0.00 ms.
Invoked RoslynAnalysisRunner static constructor.
RoslynAnalysisRunner will not be running.
RoslynAnalysisRunner has terminated.
Mono: successfully reloaded assembly
- Completed reload, in  1.822 seconds
Platform modules already initialized, skipping
Switching build target platform(5) subTarget(0) extendedPlatform(0) -> platform(13) subTarget(589824) extendedPlatform(0)
Refreshing native plugins compatible for Editor in 0.67 ms, found 1 plugins.
Preloading 0 native plugins for Editor in 0.00 ms.
Unloading 1883 Unused Serialized files (Serialized files now loaded: 0)
System memory in use before: 91.6 MB.
System memory in use after: 91.7 MB.

Unloading 11 unused Assets to reduce memory usage. Loaded Objects now: 2392.
Total: 4.091700 ms (FindLiveObjects: 0.883000 ms CreateObjectMapping: 0.109100 ms MarkObjects: 2.953300 ms  DeleteObjects: 0.144900 ms)

AssetImportParameters requested are different than current active one (requested -> active):
  requireTextureImportCompression: false -> true
  custom:graphics/normal-map-encoding: 01000000000000000000000000000000 -> 02000000000000000000000000000000
========================================================================
Received Prepare
Registering precompiled user dll's ...
Registered in 0.001617 seconds.
Begin MonoManager ReloadAssembly
Native extension for WindowsStandalone target not found
Native extension for WebGL target not found
Refreshing native plugins compatible for Editor in 1.61 ms, found 1 plugins.
Preloading 0 native plugins for Editor in 0.00 ms.
Invoked RoslynAnalysisRunner static constructor.
RoslynAnalysisRunner will not be running.
RoslynAnalysisRunner has terminated.
Mono: successfully reloaded assembly
- Completed reload, in  5.018 seconds
Platform modules already initialized, skipping
Switching build target platform(5) subTarget(0) extendedPlatform(0) -> platform(13) subTarget(589824) extendedPlatform(0)
Refreshing native plugins compatible for Editor in 0.74 ms, found 1 plugins.
Preloading 0 native plugins for Editor in 0.00 ms.
Unloading 1883 Unused Serialized files (Serialized files now loaded: 0)
System memory in use before: 91.7 MB.
System memory in use after: 91.7 MB.

Unloading 11 unused Assets to reduce memory usage. Loaded Objects now: 2396.
Total: 5.951700 ms (FindLiveObjects: 2.152100 ms CreateObjectMapping: 0.103800 ms MarkObjects: 3.543500 ms  DeleteObjects: 0.150500 ms)

AssetImportParameters requested are different than current active one (requested -> active):
  requireTextureImportCompression: false -> true
  custom:graphics/normal-map-encoding: 01000000000000000000000000000000 -> 02000000000000000000000000000000
========================================================================
Received Import Request.
  Time since last request: 631.798392 seconds.
  path: Assets/Prefabs/Obstacles/obstacle pipe 3.prefab
  artifactKey: Guid(bb69e393ade2aa746a770c300a8e9e6e) Importer(815301076,1909f56bfc062723c751e8b465ee728b)
Start importing Assets/Prefabs/Obstacles/obstacle pipe 3.prefab using Guid(bb69e393ade2aa746a770c300a8e9e6e) Importer(815301076,1909f56bfc062723c751e8b465ee728b)  -> (artifact id: 'f0bcf35d15d9e433d3041970757e8bbd') in 0.130330 seconds
  Import took 0.147694 seconds .

========================================================================
Received Import Request.
  Time since last request: 8.283018 seconds.
  path: Assets/Prefabs/Obstacles/obstacle pipe 1.prefab
  artifactKey: Guid(74e0dd366afdad246ac537c6bee68276) Importer(815301076,1909f56bfc062723c751e8b465ee728b)
Start importing Assets/Prefabs/Obstacles/obstacle pipe 1.prefab using Guid(74e0dd366afdad246ac537c6bee68276) Importer(815301076,1909f56bfc062723c751e8b465ee728b)  -> (artifact id: '592c36c23a84f4a071ad752d2251c3a9') in 0.229290 seconds
  Import took 0.298154 seconds .

========================================================================
Received Prepare
Registering precompiled user dll's ...
Registered in 0.001738 seconds.
Begin MonoManager ReloadAssembly
Native extension for WindowsStandalone target not found
Native extension for WebGL target not found
Refreshing native plugins compatible for Editor in 1.02 ms, found 1 plugins.
Preloading 0 native plugins for Editor in 0.00 ms.
Invoked RoslynAnalysisRunner static constructor.
RoslynAnalysisRunner will not be running.
RoslynAnalysisRunner has terminated.
Mono: successfully reloaded assembly
- Completed reload, in  2.358 seconds
Platform modules already initialized, skipping
Switching build target platform(5) subTarget(0) extendedPlatform(0) -> platform(13) subTarget(589824) extendedPlatform(0)
Refreshing native plugins compatible for Editor in 1.09 ms, found 1 plugins.
Preloading 0 native plugins for Editor in 0.00 ms.
Unloading 1883 Unused Serialized files (Serialized files now loaded: 0)
System memory in use before: 91.7 MB.
System memory in use after: 91.7 MB.

Unloading 11 unused Assets to reduce memory usage. Loaded Objects now: 2401.
Total: 3.386500 ms (FindLiveObjects: 0.334700 ms CreateObjectMapping: 0.370900 ms MarkObjects: 2.534500 ms  DeleteObjects: 0.145000 ms)

AssetImportParameters requested are different than current active one (requested -> active):
  requireTextureImportCompression: false -> true
  custom:graphics/normal-map-encoding: 01000000000000000000000000000000 -> 02000000000000000000000000000000
========================================================================
Received Prepare
Registering precompiled user dll's ...
Registered in 0.002113 seconds.
Begin MonoManager ReloadAssembly
Native extension for WindowsStandalone target not found
Native extension for WebGL target not found
Refreshing native plugins compatible for Editor in 0.67 ms, found 1 plugins.
Preloading 0 native plugins for Editor in 0.00 ms.
Invoked RoslynAnalysisRunner static constructor.
RoslynAnalysisRunner will not be running.
RoslynAnalysisRunner has terminated.
Mono: successfully reloaded assembly
- Completed reload, in  2.250 seconds
Platform modules already initialized, skipping
Switching build target platform(5) subTarget(0) extendedPlatform(0) -> platform(13) subTarget(589824) extendedPlatform(0)
Refreshing native plugins compatible for Editor in 0.77 ms, found 1 plugins.
Preloading 0 native plugins for Editor in 0.00 ms.
Unloading 1883 Unused Serialized files (Serialized files now loaded: 0)
System memory in use before: 91.7 MB.
System memory in use after: 91.7 MB.

Unloading 11 unused Assets to reduce memory usage. Loaded Objects now: 2405.
Total: 4.068000 ms (FindLiveObjects: 0.807900 ms CreateObjectMapping: 0.535600 ms MarkObjects: 2.577900 ms  DeleteObjects: 0.145500 ms)

AssetImportParameters requested are different than current active one (requested -> active):
  requireTextureImportCompression: false -> true
  custom:graphics/normal-map-encoding: 01000000000000000000000000000000 -> 02000000000000000000000000000000
========================================================================
Received Import Request.
  Time since last request: 190.935421 seconds.
  path: Assets/Prefabs/Obstacles/obstacle pipe 3.prefab
  artifactKey: Guid(bb69e393ade2aa746a770c300a8e9e6e) Importer(815301076,1909f56bfc062723c751e8b465ee728b)
Start importing Assets/Prefabs/Obstacles/obstacle pipe 3.prefab using Guid(bb69e393ade2aa746a770c300a8e9e6e) Importer(815301076,1909f56bfc062723c751e8b465ee728b)  -> (artifact id: '5adf0182af1b8f06cf45800f1365935b') in 0.857282 seconds
  Import took 0.864419 seconds .

========================================================================
Received Prepare
Registering precompiled user dll's ...
Registered in 0.001708 seconds.
Begin MonoManager ReloadAssembly
Native extension for WindowsStandalone target not found
Native extension for WebGL target not found
Refreshing native plugins compatible for Editor in 0.66 ms, found 1 plugins.
Preloading 0 native plugins for Editor in 0.00 ms.
Invoked RoslynAnalysisRunner static constructor.
RoslynAnalysisRunner will not be running.
RoslynAnalysisRunner has terminated.
Mono: successfully reloaded assembly
- Completed reload, in  1.910 seconds
Platform modules already initialized, skipping
Switching build target platform(5) subTarget(0) extendedPlatform(0) -> platform(13) subTarget(589824) extendedPlatform(0)
Refreshing native plugins compatible for Editor in 1.84 ms, found 1 plugins.
Preloading 0 native plugins for Editor in 0.00 ms.
Unloading 1883 Unused Serialized files (Serialized files now loaded: 0)
System memory in use before: 91.7 MB.
System memory in use after: 91.7 MB.

Unloading 11 unused Assets to reduce memory usage. Loaded Objects now: 2410.
Total: 3.568900 ms (FindLiveObjects: 0.336500 ms CreateObjectMapping: 0.119000 ms MarkObjects: 2.963100 ms  DeleteObjects: 0.148500 ms)

AssetImportParameters requested are different than current active one (requested -> active):
  requireTextureImportCompression: false -> true
  custom:graphics/normal-map-encoding: 01000000000000000000000000000000 -> 02000000000000000000000000000000
========================================================================
Received Import Request.
  Time since last request: 34.857147 seconds.
  path: Assets/Config/Resources/Registry.asset
  artifactKey: Guid(1a5cd5d657bf8094bae0ba8b522ede19) Importer(815301076,1909f56bfc062723c751e8b465ee728b)
Start importing Assets/Config/Resources/Registry.asset using Guid(1a5cd5d657bf8094bae0ba8b522ede19) Importer(815301076,1909f56bfc062723c751e8b465ee728b)  -> (artifact id: 'cd7f39d691892f6913899f0889b96f71') in 0.081460 seconds
  Import took 0.088332 seconds .

========================================================================
Received Prepare
Registering precompiled user dll's ...
Registered in 0.005059 seconds.
Begin MonoManager ReloadAssembly
Native extension for WindowsStandalone target not found
Native extension for WebGL target not found
Refreshing native plugins compatible for Editor in 0.74 ms, found 1 plugins.
Preloading 0 native plugins for Editor in 0.00 ms.
Invoked RoslynAnalysisRunner static constructor.
RoslynAnalysisRunner will not be running.
RoslynAnalysisRunner has terminated.
Mono: successfully reloaded assembly
- Completed reload, in  3.121 seconds
Platform modules already initialized, skipping
Switching build target platform(5) subTarget(0) extendedPlatform(0) -> platform(13) subTarget(589824) extendedPlatform(0)
Refreshing native plugins compatible for Editor in 0.74 ms, found 1 plugins.
Preloading 0 native plugins for Editor in 0.00 ms.
Unloading 1883 Unused Serialized files (Serialized files now loaded: 0)
System memory in use before: 91.7 MB.
System memory in use after: 91.7 MB.

Unloading 11 unused Assets to reduce memory usage. Loaded Objects now: 2414.
Total: 2.987600 ms (FindLiveObjects: 0.347200 ms CreateObjectMapping: 0.119500 ms MarkObjects: 2.373200 ms  DeleteObjects: 0.146200 ms)

AssetImportParameters requested are different than current active one (requested -> active):
  requireTextureImportCompression: false -> true
  custom:graphics/normal-map-encoding: 01000000000000000000000000000000 -> 02000000000000000000000000000000
========================================================================
Received Import Request.
  Time since last request: 121.763097 seconds.
  path: Assets/Config/Resources/Registry.asset
  artifactKey: Guid(1a5cd5d657bf8094bae0ba8b522ede19) Importer(815301076,1909f56bfc062723c751e8b465ee728b)
Start importing Assets/Config/Resources/Registry.asset using Guid(1a5cd5d657bf8094bae0ba8b522ede19) Importer(815301076,1909f56bfc062723c751e8b465ee728b)  -> (artifact id: '51eee81d5e245b83685ef4a6ee3a9592') in 0.072544 seconds
  Import took 0.078159 seconds .

========================================================================
Received Import Request.
  Time since last request: 125.529476 seconds.
  path: Assets/Prefabs/flower.prefab
  artifactKey: Guid(a92e85782c9100047bf89afcc4cc4141) Importer(815301076,1909f56bfc062723c751e8b465ee728b)
Start importing Assets/Prefabs/flower.prefab using Guid(a92e85782c9100047bf89afcc4cc4141) Importer(815301076,1909f56bfc062723c751e8b465ee728b)  -> (artifact id: '88e64bec0aa25d23e2a95cc6bb303d87') in 0.495004 seconds
  Import took 0.500120 seconds .

========================================================================
Received Prepare
Registering precompiled user dll's ...
Registered in 0.016093 seconds.
Begin MonoManager ReloadAssembly
Native extension for WindowsStandalone target not found
Native extension for WebGL target not found
Refreshing native plugins compatible for Editor in 1.12 ms, found 1 plugins.
Preloading 0 native plugins for Editor in 0.00 ms.
Invoked RoslynAnalysisRunner static constructor.
RoslynAnalysisRunner will not be running.
RoslynAnalysisRunner has terminated.
Mono: successfully reloaded assembly
- Completed reload, in 13.072 seconds
Platform modules already initialized, skipping
Switching build target platform(5) subTarget(0) extendedPlatform(0) -> platform(13) subTarget(589824) extendedPlatform(0)
Refreshing native plugins compatible for Editor in 17.28 ms, found 1 plugins.
Preloading 0 native plugins for Editor in 0.00 ms.
Unloading 1883 Unused Serialized files (Serialized files now loaded: 0)
System memory in use before: 91.7 MB.
System memory in use after: 91.7 MB.

Unloading 11 unused Assets to reduce memory usage. Loaded Objects now: 2419.
Total: 18.548400 ms (FindLiveObjects: 0.408400 ms CreateObjectMapping: 0.145800 ms MarkObjects: 17.803500 ms  DeleteObjects: 0.187900 ms)

AssetImportParameters requested are different than current active one (requested -> active):
  requireTextureImportCompression: false -> true
  custom:graphics/normal-map-encoding: 01000000000000000000000000000000 -> 02000000000000000000000000000000
========================================================================
Received Import Request.
  Time since last request: 316.226920 seconds.
  path: Assets/Scripts/Effects
  artifactKey: Guid(22c738f5f10016943aef02a98c6214e1) Importer(815301076,1909f56bfc062723c751e8b465ee728b)
Start importing Assets/Scripts/Effects using Guid(22c738f5f10016943aef02a98c6214e1) Importer(815301076,1909f56bfc062723c751e8b465ee728b)  -> (artifact id: '90bd3d11eb84fcf5240d0de65c467cf8') in 0.028451 seconds
  Import took 0.036192 seconds .

========================================================================
Received Import Request.
  Time since last request: 32.821509 seconds.
  path: Assets/Scripts/Effects/ParticleBurst.cs
  artifactKey: Guid(270b0983ae33d014bac6a5fe8d1c3e4e) Importer(815301076,1909f56bfc062723c751e8b465ee728b)
Start importing Assets/Scripts/Effects/ParticleBurst.cs using Guid(270b0983ae33d014bac6a5fe8d1c3e4e) Importer(815301076,1909f56bfc062723c751e8b465ee728b)  -> (artifact id: '604e1d4a90c76982d099dbde1e9f9ac7') in 0.044217 seconds
  Import took 0.380614 seconds .

========================================================================
Received Prepare
Registering precompiled user dll's ...
Registered in 0.001909 seconds.
Begin MonoManager ReloadAssembly
Native extension for WindowsStandalone target not found
Native extension for WebGL target not found
Refreshing native plugins compatible for Editor in 0.79 ms, found 1 plugins.
Preloading 0 native plugins for Editor in 0.00 ms.
Invoked RoslynAnalysisRunner static constructor.
RoslynAnalysisRunner will not be running.
RoslynAnalysisRunner has terminated.
Mono: successfully reloaded assembly
- Completed reload, in  6.103 seconds
Platform modules already initialized, skipping
Switching build target platform(5) subTarget(0) extendedPlatform(0) -> platform(13) subTarget(589824) extendedPlatform(0)
Refreshing native plugins compatible for Editor in 0.66 ms, found 1 plugins.
Preloading 0 native plugins for Editor in 0.00 ms.
Unloading 1884 Unused Serialized files (Serialized files now loaded: 0)
System memory in use before: 91.7 MB.
System memory in use after: 91.8 MB.

Unloading 11 unused Assets to reduce memory usage. Loaded Objects now: 2424.
Total: 3.314900 ms (FindLiveObjects: 0.453300 ms CreateObjectMapping: 0.114000 ms MarkObjects: 2.595500 ms  DeleteObjects: 0.150900 ms)

AssetImportParameters requested are different than current active one (requested -> active):
  requireTextureImportCompression: false -> true
  custom:graphics/normal-map-encoding: 01000000000000000000000000000000 -> 02000000000000000000000000000000
========================================================================
Received Import Request.
  Time since last request: 114.563131 seconds.
  path: Assets/Scripts/Effects/ParticleBurst.cs
  artifactKey: Guid(270b0983ae33d014bac6a5fe8d1c3e4e) Importer(815301076,1909f56bfc062723c751e8b465ee728b)
Start importing Assets/Scripts/Effects/ParticleBurst.cs using Guid(270b0983ae33d014bac6a5fe8d1c3e4e) Importer(815301076,1909f56bfc062723c751e8b465ee728b)  -> (artifact id: '98cff53a09bc49360ef9420503bbe477') in 5.252441 seconds
  Import took 5.259038 seconds .

========================================================================
Received Prepare
Registering precompiled user dll's ...
Registered in 0.002103 seconds.
Begin MonoManager ReloadAssembly
Native extension for WindowsStandalone target not found
Native extension for WebGL target not found
Refreshing native plugins compatible for Editor in 0.69 ms, found 1 plugins.
Preloading 0 native plugins for Editor in 0.00 ms.
Invoked RoslynAnalysisRunner static constructor.
RoslynAnalysisRunner will not be running.
RoslynAnalysisRunner has terminated.
Mono: successfully reloaded assembly
- Completed reload, in  1.917 seconds
Platform modules already initialized, skipping
Switching build target platform(5) subTarget(0) extendedPlatform(0) -> platform(13) subTarget(589824) extendedPlatform(0)
Refreshing native plugins compatible for Editor in 0.66 ms, found 1 plugins.
Preloading 0 native plugins for Editor in 0.00 ms.
Unloading 1884 Unused Serialized files (Serialized files now loaded: 0)
System memory in use before: 91.8 MB.
System memory in use after: 91.8 MB.

Unloading 11 unused Assets to reduce memory usage. Loaded Objects now: 2428.
Total: 3.466600 ms (FindLiveObjects: 0.400000 ms CreateObjectMapping: 0.125400 ms MarkObjects: 2.775800 ms  DeleteObjects: 0.163700 ms)

AssetImportParameters requested are different than current active one (requested -> active):
  requireTextureImportCompression: false -> true
  custom:graphics/normal-map-encoding: 01000000000000000000000000000000 -> 02000000000000000000000000000000
========================================================================
Received Import Request.
  Time since last request: 6.598021 seconds.
  path: Assets/Scripts/Effects/ParticleBurst.cs
  artifactKey: Guid(270b0983ae33d014bac6a5fe8d1c3e4e) Importer(815301076,1909f56bfc062723c751e8b465ee728b)
Start importing Assets/Scripts/Effects/ParticleBurst.cs using Guid(270b0983ae33d014bac6a5fe8d1c3e4e) Importer(815301076,1909f56bfc062723c751e8b465ee728b)  -> (artifact id: '98cff53a09bc49360ef9420503bbe477') in 0.023007 seconds
  Import took 0.033901 seconds .

========================================================================
Received Import Request.
  Time since last request: 139.286807 seconds.
  path: Assets/Scripts/ActivateObjectOnTriggerEnter.cs
  artifactKey: Guid(73f70ad0cf0c23449abc4544ef5fcf1a) Importer(815301076,1909f56bfc062723c751e8b465ee728b)
Start importing Assets/Scripts/ActivateObjectOnTriggerEnter.cs using Guid(73f70ad0cf0c23449abc4544ef5fcf1a) Importer(815301076,1909f56bfc062723c751e8b465ee728b)  -> (artifact id: 'fb59e2b98552cf7670a634a28e6eebde') in 0.027335 seconds
  Import took 0.033546 seconds .

========================================================================
Received Prepare
Registering precompiled user dll's ...
Registered in 0.002644 seconds.
Begin MonoManager ReloadAssembly
Native extension for WindowsStandalone target not found
Native extension for WebGL target not found
Refreshing native plugins compatible for Editor in 1.03 ms, found 1 plugins.
Preloading 0 native plugins for Editor in 0.00 ms.
Invoked RoslynAnalysisRunner static constructor.
RoslynAnalysisRunner will not be running.
RoslynAnalysisRunner has terminated.
Mono: successfully reloaded assembly
- Completed reload, in  2.518 seconds
Platform modules already initialized, skipping
Switching build target platform(5) subTarget(0) extendedPlatform(0) -> platform(13) subTarget(589824) extendedPlatform(0)
Refreshing native plugins compatible for Editor in 0.99 ms, found 1 plugins.
Preloading 0 native plugins for Editor in 0.00 ms.
Unloading 1885 Unused Serialized files (Serialized files now loaded: 0)
System memory in use before: 91.8 MB.
System memory in use after: 91.8 MB.

Unloading 11 unused Assets to reduce memory usage. Loaded Objects now: 2433.
Total: 3.160900 ms (FindLiveObjects: 0.340000 ms CreateObjectMapping: 0.121500 ms MarkObjects: 2.548100 ms  DeleteObjects: 0.150200 ms)

AssetImportParameters requested are different than current active one (requested -> active):
  requireTextureImportCompression: false -> true
  custom:graphics/normal-map-encoding: 01000000000000000000000000000000 -> 02000000000000000000000000000000
========================================================================
Received Import Request.
  Time since last request: 87.859347 seconds.
  path: Assets/Scripts/ActivateObjectOnTriggerEnter.cs
  artifactKey: Guid(73f70ad0cf0c23449abc4544ef5fcf1a) Importer(815301076,1909f56bfc062723c751e8b465ee728b)
Start importing Assets/Scripts/ActivateObjectOnTriggerEnter.cs using Guid(73f70ad0cf0c23449abc4544ef5fcf1a) Importer(815301076,1909f56bfc062723c751e8b465ee728b)  -> (artifact id: 'e211500b5a20ff86d696bea9425e8afa') in 0.008577 seconds
  Import took 0.013549 seconds .

========================================================================
Received Prepare
Registering precompiled user dll's ...
Registered in 0.002536 seconds.
Begin MonoManager ReloadAssembly
Native extension for WindowsStandalone target not found
Native extension for WebGL target not found
Refreshing native plugins compatible for Editor in 0.77 ms, found 1 plugins.
Preloading 0 native plugins for Editor in 0.00 ms.
Invoked RoslynAnalysisRunner static constructor.
RoslynAnalysisRunner will not be running.
RoslynAnalysisRunner has terminated.
Mono: successfully reloaded assembly
- Completed reload, in 14.049 seconds
Platform modules already initialized, skipping
Switching build target platform(5) subTarget(0) extendedPlatform(0) -> platform(13) subTarget(589824) extendedPlatform(0)
Refreshing native plugins compatible for Editor in 0.88 ms, found 1 plugins.
Preloading 0 native plugins for Editor in 0.00 ms.
Unloading 1885 Unused Serialized files (Serialized files now loaded: 0)
System memory in use before: 91.8 MB.
System memory in use after: 91.8 MB.

Unloading 11 unused Assets to reduce memory usage. Loaded Objects now: 2437.
Total: 4.437600 ms (FindLiveObjects: 1.670700 ms CreateObjectMapping: 0.140900 ms MarkObjects: 2.477200 ms  DeleteObjects: 0.147400 ms)

AssetImportParameters requested are different than current active one (requested -> active):
  requireTextureImportCompression: false -> true
  custom:graphics/normal-map-encoding: 01000000000000000000000000000000 -> 02000000000000000000000000000000
========================================================================
Received Prepare
Registering precompiled user dll's ...
Registered in 0.079102 seconds.
Begin MonoManager ReloadAssembly
Native extension for WindowsStandalone target not found
Native extension for WebGL target not found
Refreshing native plugins compatible for Editor in 0.94 ms, found 1 plugins.
Preloading 0 native plugins for Editor in 0.00 ms.
Invoked RoslynAnalysisRunner static constructor.
RoslynAnalysisRunner will not be running.
RoslynAnalysisRunner has terminated.
Mono: successfully reloaded assembly
- Completed reload, in  9.926 seconds
Platform modules already initialized, skipping
Switching build target platform(5) subTarget(0) extendedPlatform(0) -> platform(13) subTarget(589824) extendedPlatform(0)
Refreshing native plugins compatible for Editor in 0.89 ms, found 1 plugins.
Preloading 0 native plugins for Editor in 0.00 ms.
Unloading 1885 Unused Serialized files (Serialized files now loaded: 0)
System memory in use before: 91.8 MB.
System memory in use after: 91.8 MB.

Unloading 11 unused Assets to reduce memory usage. Loaded Objects now: 2441.
Total: 20.307300 ms (FindLiveObjects: 0.619100 ms CreateObjectMapping: 0.231900 ms MarkObjects: 19.224800 ms  DeleteObjects: 0.229100 ms)

AssetImportParameters requested are different than current active one (requested -> active):
  requireTextureImportCompression: false -> true
  custom:graphics/normal-map-encoding: 01000000000000000000000000000000 -> 02000000000000000000000000000000
========================================================================
Received Prepare
Registering precompiled user dll's ...
Registered in 0.002238 seconds.
Begin MonoManager ReloadAssembly
Native extension for WindowsStandalone target not found
Native extension for WebGL target not found
Refreshing native plugins compatible for Editor in 0.70 ms, found 1 plugins.
Preloading 0 native plugins for Editor in 0.00 ms.
Invoked RoslynAnalysisRunner static constructor.
RoslynAnalysisRunner will not be running.
RoslynAnalysisRunner has terminated.
Mono: successfully reloaded assembly
- Completed reload, in  2.152 seconds
Platform modules already initialized, skipping
Switching build target platform(5) subTarget(0) extendedPlatform(0) -> platform(13) subTarget(589824) extendedPlatform(0)
Refreshing native plugins compatible for Editor in 0.64 ms, found 1 plugins.
Preloading 0 native plugins for Editor in 0.00 ms.
Unloading 1885 Unused Serialized files (Serialized files now loaded: 0)
System memory in use before: 91.8 MB.
System memory in use after: 91.8 MB.

Unloading 11 unused Assets to reduce memory usage. Loaded Objects now: 2445.
Total: 4.299900 ms (FindLiveObjects: 1.496800 ms CreateObjectMapping: 0.112800 ms MarkObjects: 2.539700 ms  DeleteObjects: 0.149400 ms)

AssetImportParameters requested are different than current active one (requested -> active):
  requireTextureImportCompression: false -> true
  custom:graphics/normal-map-encoding: 01000000000000000000000000000000 -> 02000000000000000000000000000000
========================================================================
Received Import Request.
  Time since last request: 323.391134 seconds.
  path: Assets/Sprites/bump@2x.png
  artifactKey: Guid(edda5b1b0ef37ef49aeabac982b3cd43) Importer(815301076,1909f56bfc062723c751e8b465ee728b)
Start importing Assets/Sprites/bump@2x.png using Guid(edda5b1b0ef37ef49aeabac982b3cd43) Importer(815301076,1909f56bfc062723c751e8b465ee728b)  -> (artifact id: 'fdb276fd38a4fc2d2902e190276d6e88') in 0.301945 seconds
  Import took 0.352131 seconds .

========================================================================
Received Import Request.
  Time since last request: 9.805392 seconds.
  path: Assets/Sprites/bump@2x.png
  artifactKey: Guid(edda5b1b0ef37ef49aeabac982b3cd43) Importer(815301076,1909f56bfc062723c751e8b465ee728b)
Start importing Assets/Sprites/bump@2x.png using Guid(edda5b1b0ef37ef49aeabac982b3cd43) Importer(815301076,1909f56bfc062723c751e8b465ee728b)  -> (artifact id: '0ee9fdd50b7e115919cd818c5e5d3bcd') in 0.052031 seconds
  Import took 0.058695 seconds .

========================================================================
Received Import Request.
  Time since last request: 7.774727 seconds.
  path: Assets/Sprites/bump@2x.png
  artifactKey: Guid(edda5b1b0ef37ef49aeabac982b3cd43) Importer(815301076,1909f56bfc062723c751e8b465ee728b)
Start importing Assets/Sprites/bump@2x.png using Guid(edda5b1b0ef37ef49aeabac982b3cd43) Importer(815301076,1909f56bfc062723c751e8b465ee728b)  -> (artifact id: '908ad3daf78b231ed055b838fef55549') in 0.065842 seconds
  Import took 0.071510 seconds .

========================================================================
Received Import Request.
  Time since last request: 4.003881 seconds.
  path: Assets/Sprites/bump@2x.png
  artifactKey: Guid(edda5b1b0ef37ef49aeabac982b3cd43) Importer(815301076,1909f56bfc062723c751e8b465ee728b)
Start importing Assets/Sprites/bump@2x.png using Guid(edda5b1b0ef37ef49aeabac982b3cd43) Importer(815301076,1909f56bfc062723c751e8b465ee728b)  -> (artifact id: 'd09ed8ef5e4e07f457521a09b1dba57c') in 0.037174 seconds
  Import took 0.046554 seconds .

========================================================================
Received Import Request.
  Time since last request: 15.398027 seconds.
  path: Assets/Sprites/bump@2x.png
  artifactKey: Guid(edda5b1b0ef37ef49aeabac982b3cd43) Importer(815301076,1909f56bfc062723c751e8b465ee728b)
Start importing Assets/Sprites/bump@2x.png using Guid(edda5b1b0ef37ef49aeabac982b3cd43) Importer(815301076,1909f56bfc062723c751e8b465ee728b)  -> (artifact id: 'df0e7b085da7381952bf2061567edb7e') in 0.048948 seconds
  Import took 0.054701 seconds .

========================================================================
Received Prepare
Registering precompiled user dll's ...
Registered in 0.004517 seconds.
Begin MonoManager ReloadAssembly
Native extension for WindowsStandalone target not found
Native extension for WebGL target not found
Refreshing native plugins compatible for Editor in 0.72 ms, found 1 plugins.
Preloading 0 native plugins for Editor in 0.00 ms.
Invoked RoslynAnalysisRunner static constructor.
RoslynAnalysisRunner will not be running.
RoslynAnalysisRunner has terminated.
Mono: successfully reloaded assembly
- Completed reload, in  2.198 seconds
Platform modules already initialized, skipping
Switching build target platform(5) subTarget(0) extendedPlatform(0) -> platform(13) subTarget(589824) extendedPlatform(0)
Refreshing native plugins compatible for Editor in 0.65 ms, found 1 plugins.
Preloading 0 native plugins for Editor in 0.00 ms.
Unloading 1885 Unused Serialized files (Serialized files now loaded: 0)
System memory in use before: 91.8 MB.
System memory in use after: 91.9 MB.

Unloading 11 unused Assets to reduce memory usage. Loaded Objects now: 2453.
Total: 4.632200 ms (FindLiveObjects: 1.715900 ms CreateObjectMapping: 0.118600 ms MarkObjects: 2.650400 ms  DeleteObjects: 0.145700 ms)

AssetImportParameters requested are different than current active one (requested -> active):
  requireTextureImportCompression: false -> true
  custom:graphics/normal-map-encoding: 01000000000000000000000000000000 -> 02000000000000000000000000000000
========================================================================
Received Prepare
Registering precompiled user dll's ...
Registered in 0.002736 seconds.
Begin MonoManager ReloadAssembly
Native extension for WindowsStandalone target not found
Native extension for WebGL target not found
Refreshing native plugins compatible for Editor in 0.71 ms, found 1 plugins.
Preloading 0 native plugins for Editor in 0.00 ms.
Invoked RoslynAnalysisRunner static constructor.
RoslynAnalysisRunner will not be running.
RoslynAnalysisRunner has terminated.
Mono: successfully reloaded assembly
- Completed reload, in  2.021 seconds
Platform modules already initialized, skipping
Switching build target platform(5) subTarget(0) extendedPlatform(0) -> platform(13) subTarget(589824) extendedPlatform(0)
Refreshing native plugins compatible for Editor in 0.64 ms, found 1 plugins.
Preloading 0 native plugins for Editor in 0.00 ms.
Unloading 1885 Unused Serialized files (Serialized files now loaded: 0)
System memory in use before: 91.9 MB.
System memory in use after: 91.9 MB.

Unloading 11 unused Assets to reduce memory usage. Loaded Objects now: 2457.
Total: 3.571400 ms (FindLiveObjects: 0.368500 ms CreateObjectMapping: 0.127700 ms MarkObjects: 2.835200 ms  DeleteObjects: 0.238900 ms)

AssetImportParameters requested are different than current active one (requested -> active):
  requireTextureImportCompression: false -> true
  custom:graphics/normal-map-encoding: 01000000000000000000000000000000 -> 02000000000000000000000000000000
========================================================================
Received Prepare
Registering precompiled user dll's ...
Registered in 0.001563 seconds.
Begin MonoManager ReloadAssembly
Native extension for WindowsStandalone target not found
Native extension for WebGL target not found
Refreshing native plugins compatible for Editor in 0.67 ms, found 1 plugins.
Preloading 0 native plugins for Editor in 0.00 ms.
Invoked RoslynAnalysisRunner static constructor.
RoslynAnalysisRunner will not be running.
RoslynAnalysisRunner has terminated.
Mono: successfully reloaded assembly
- Completed reload, in  2.034 seconds
Platform modules already initialized, skipping
Switching build target platform(5) subTarget(0) extendedPlatform(0) -> platform(13) subTarget(589824) extendedPlatform(0)
Refreshing native plugins compatible for Editor in 0.67 ms, found 1 plugins.
Preloading 0 native plugins for Editor in 0.00 ms.
Unloading 1885 Unused Serialized files (Serialized files now loaded: 0)
System memory in use before: 91.9 MB.
System memory in use after: 91.9 MB.

Unloading 11 unused Assets to reduce memory usage. Loaded Objects now: 2461.
Total: 8.255400 ms (FindLiveObjects: 0.959000 ms CreateObjectMapping: 0.135400 ms MarkObjects: 6.999400 ms  DeleteObjects: 0.160100 ms)

AssetImportParameters requested are different than current active one (requested -> active):
  requireTextureImportCompression: false -> true
  custom:graphics/normal-map-encoding: 01000000000000000000000000000000 -> 02000000000000000000000000000000
========================================================================
Received Prepare
Registering precompiled user dll's ...
Registered in 0.004763 seconds.
Begin MonoManager ReloadAssembly
Native extension for WindowsStandalone target not found
Native extension for WebGL target not found
Refreshing native plugins compatible for Editor in 0.88 ms, found 1 plugins.
Preloading 0 native plugins for Editor in 0.00 ms.
Invoked RoslynAnalysisRunner static constructor.
RoslynAnalysisRunner will not be running.
RoslynAnalysisRunner has terminated.
Mono: successfully reloaded assembly
- Completed reload, in  1.935 seconds
Platform modules already initialized, skipping
Switching build target platform(5) subTarget(0) extendedPlatform(0) -> platform(13) subTarget(589824) extendedPlatform(0)
Refreshing native plugins compatible for Editor in 2.79 ms, found 1 plugins.
Preloading 0 native plugins for Editor in 0.00 ms.
Unloading 1885 Unused Serialized files (Serialized files now loaded: 0)
System memory in use before: 91.9 MB.
System memory in use after: 91.9 MB.

Unloading 11 unused Assets to reduce memory usage. Loaded Objects now: 2465.
Total: 9.709300 ms (FindLiveObjects: 0.368900 ms CreateObjectMapping: 0.116400 ms MarkObjects: 9.039500 ms  DeleteObjects: 0.182400 ms)

AssetImportParameters requested are different than current active one (requested -> active):
  requireTextureImportCompression: false -> true
  custom:graphics/normal-map-encoding: 01000000000000000000000000000000 -> 02000000000000000000000000000000
========================================================================
Received Prepare
Registering precompiled user dll's ...
Registered in 0.017007 seconds.
Begin MonoManager ReloadAssembly
Native extension for WindowsStandalone target not found
Native extension for WebGL target not found
Refreshing native plugins compatible for Editor in 1.09 ms, found 1 plugins.
Preloading 0 native plugins for Editor in 0.00 ms.
Invoked RoslynAnalysisRunner static constructor.
RoslynAnalysisRunner will not be running.
RoslynAnalysisRunner has terminated.
Mono: successfully reloaded assembly
- Completed reload, in  1.888 seconds
Platform modules already initialized, skipping
Switching build target platform(5) subTarget(0) extendedPlatform(0) -> platform(13) subTarget(589824) extendedPlatform(0)
Refreshing native plugins compatible for Editor in 0.67 ms, found 1 plugins.
Preloading 0 native plugins for Editor in 0.00 ms.
Unloading 1885 Unused Serialized files (Serialized files now loaded: 0)
System memory in use before: 91.9 MB.
System memory in use after: 91.9 MB.

Unloading 11 unused Assets to reduce memory usage. Loaded Objects now: 2469.
Total: 3.016700 ms (FindLiveObjects: 0.344600 ms CreateObjectMapping: 0.114800 ms MarkObjects: 2.406800 ms  DeleteObjects: 0.148900 ms)

AssetImportParameters requested are different than current active one (requested -> active):
  requireTextureImportCompression: false -> true
  custom:graphics/normal-map-encoding: 01000000000000000000000000000000 -> 02000000000000000000000000000000
========================================================================
Received Prepare
Registering precompiled user dll's ...
Registered in 0.001563 seconds.
Begin MonoManager ReloadAssembly
Native extension for WindowsStandalone target not found
Native extension for WebGL target not found
Refreshing native plugins compatible for Editor in 0.66 ms, found 1 plugins.
Preloading 0 native plugins for Editor in 0.00 ms.
Invoked RoslynAnalysisRunner static constructor.
RoslynAnalysisRunner will not be running.
RoslynAnalysisRunner has terminated.
Mono: successfully reloaded assembly
- Completed reload, in  1.840 seconds
Platform modules already initialized, skipping
Switching build target platform(5) subTarget(0) extendedPlatform(0) -> platform(13) subTarget(589824) extendedPlatform(0)
Refreshing native plugins compatible for Editor in 0.66 ms, found 1 plugins.
Preloading 0 native plugins for Editor in 0.00 ms.
Unloading 1885 Unused Serialized files (Serialized files now loaded: 0)
System memory in use before: 91.9 MB.
System memory in use after: 91.9 MB.

Unloading 11 unused Assets to reduce memory usage. Loaded Objects now: 2473.
Total: 5.008700 ms (FindLiveObjects: 0.396800 ms CreateObjectMapping: 0.134600 ms MarkObjects: 4.320000 ms  DeleteObjects: 0.155800 ms)

AssetImportParameters requested are different than current active one (requested -> active):
  requireTextureImportCompression: false -> true
  custom:graphics/normal-map-encoding: 01000000000000000000000000000000 -> 02000000000000000000000000000000
========================================================================
Received Prepare
Registering precompiled user dll's ...
Registered in 0.002861 seconds.
Begin MonoManager ReloadAssembly
Native extension for WindowsStandalone target not found
Native extension for WebGL target not found
Refreshing native plugins compatible for Editor in 0.69 ms, found 1 plugins.
Preloading 0 native plugins for Editor in 0.00 ms.
Invoked RoslynAnalysisRunner static constructor.
RoslynAnalysisRunner will not be running.
RoslynAnalysisRunner has terminated.
Mono: successfully reloaded assembly
- Completed reload, in  3.131 seconds
Platform modules already initialized, skipping
Switching build target platform(5) subTarget(0) extendedPlatform(0) -> platform(13) subTarget(589824) extendedPlatform(0)
Refreshing native plugins compatible for Editor in 0.65 ms, found 1 plugins.
Preloading 0 native plugins for Editor in 0.00 ms.
Unloading 1885 Unused Serialized files (Serialized files now loaded: 0)
System memory in use before: 91.9 MB.
System memory in use after: 91.9 MB.

Unloading 11 unused Assets to reduce memory usage. Loaded Objects now: 2477.
Total: 5.139200 ms (FindLiveObjects: 0.375200 ms CreateObjectMapping: 0.119700 ms MarkObjects: 4.487400 ms  DeleteObjects: 0.155300 ms)

AssetImportParameters requested are different than current active one (requested -> active):
  requireTextureImportCompression: false -> true
  custom:graphics/normal-map-encoding: 01000000000000000000000000000000 -> 02000000000000000000000000000000
========================================================================
Received Prepare
Registering precompiled user dll's ...
Registered in 0.001809 seconds.
Begin MonoManager ReloadAssembly
Native extension for WindowsStandalone target not found
Native extension for WebGL target not found
Refreshing native plugins compatible for Editor in 0.71 ms, found 1 plugins.
Preloading 0 native plugins for Editor in 0.00 ms.
Invoked RoslynAnalysisRunner static constructor.
RoslynAnalysisRunner will not be running.
RoslynAnalysisRunner has terminated.
Mono: successfully reloaded assembly
- Completed reload, in  9.420 seconds
Platform modules already initialized, skipping
Switching build target platform(5) subTarget(0) extendedPlatform(0) -> platform(13) subTarget(589824) extendedPlatform(0)
Refreshing native plugins compatible for Editor in 0.86 ms, found 1 plugins.
Preloading 0 native plugins for Editor in 0.00 ms.
Unloading 1885 Unused Serialized files (Serialized files now loaded: 0)
System memory in use before: 91.9 MB.
System memory in use after: 91.9 MB.

Unloading 11 unused Assets to reduce memory usage. Loaded Objects now: 2481.
Total: 3.323600 ms (FindLiveObjects: 0.350900 ms CreateObjectMapping: 0.108200 ms MarkObjects: 2.719900 ms  DeleteObjects: 0.143000 ms)

AssetImportParameters requested are different than current active one (requested -> active):
  requireTextureImportCompression: false -> true
  custom:graphics/normal-map-encoding: 01000000000000000000000000000000 -> 02000000000000000000000000000000
========================================================================
Received Prepare
Registering precompiled user dll's ...
Registered in 0.001980 seconds.
Begin MonoManager ReloadAssembly
Native extension for WindowsStandalone target not found
Native extension for WebGL target not found
Refreshing native plugins compatible for Editor in 0.73 ms, found 1 plugins.
Preloading 0 native plugins for Editor in 0.00 ms.
Invoked RoslynAnalysisRunner static constructor.
RoslynAnalysisRunner will not be running.
RoslynAnalysisRunner has terminated.
Mono: successfully reloaded assembly
- Completed reload, in  1.936 seconds
Platform modules already initialized, skipping
Switching build target platform(5) subTarget(0) extendedPlatform(0) -> platform(13) subTarget(589824) extendedPlatform(0)
Refreshing native plugins compatible for Editor in 0.64 ms, found 1 plugins.
Preloading 0 native plugins for Editor in 0.00 ms.
Unloading 1885 Unused Serialized files (Serialized files now loaded: 0)
System memory in use before: 91.9 MB.
System memory in use after: 91.9 MB.

Unloading 11 unused Assets to reduce memory usage. Loaded Objects now: 2485.
Total: 3.182900 ms (FindLiveObjects: 0.349800 ms CreateObjectMapping: 0.112600 ms MarkObjects: 2.575900 ms  DeleteObjects: 0.143300 ms)

AssetImportParameters requested are different than current active one (requested -> active):
  requireTextureImportCompression: false -> true
  custom:graphics/normal-map-encoding: 01000000000000000000000000000000 -> 02000000000000000000000000000000
========================================================================
Received Prepare
Registering precompiled user dll's ...
Registered in 0.001979 seconds.
Begin MonoManager ReloadAssembly
Native extension for WindowsStandalone target not found
Native extension for WebGL target not found
Refreshing native plugins compatible for Editor in 0.66 ms, found 1 plugins.
Preloading 0 native plugins for Editor in 0.00 ms.
Invoked RoslynAnalysisRunner static constructor.
RoslynAnalysisRunner will not be running.
RoslynAnalysisRunner has terminated.
Mono: successfully reloaded assembly
- Completed reload, in  1.715 seconds
Platform modules already initialized, skipping
Switching build target platform(5) subTarget(0) extendedPlatform(0) -> platform(13) subTarget(589824) extendedPlatform(0)
Refreshing native plugins compatible for Editor in 0.64 ms, found 1 plugins.
Preloading 0 native plugins for Editor in 0.00 ms.
Unloading 1885 Unused Serialized files (Serialized files now loaded: 0)
System memory in use before: 91.9 MB.
System memory in use after: 91.9 MB.

Unloading 11 unused Assets to reduce memory usage. Loaded Objects now: 2489.
Total: 3.268700 ms (FindLiveObjects: 0.383600 ms CreateObjectMapping: 0.116600 ms MarkObjects: 2.565800 ms  DeleteObjects: 0.201000 ms)

AssetImportParameters requested are different than current active one (requested -> active):
  requireTextureImportCompression: false -> true
  custom:graphics/normal-map-encoding: 01000000000000000000000000000000 -> 02000000000000000000000000000000
========================================================================
Received Prepare
Registering precompiled user dll's ...
Registered in 0.002405 seconds.
Begin MonoManager ReloadAssembly
Native extension for WindowsStandalone target not found
Native extension for WebGL target not found
Refreshing native plugins compatible for Editor in 0.76 ms, found 1 plugins.
Preloading 0 native plugins for Editor in 0.00 ms.
Invoked RoslynAnalysisRunner static constructor.
RoslynAnalysisRunner will not be running.
RoslynAnalysisRunner has terminated.
Mono: successfully reloaded assembly
- Completed reload, in  2.274 seconds
Platform modules already initialized, skipping
Switching build target platform(5) subTarget(0) extendedPlatform(0) -> platform(13) subTarget(589824) extendedPlatform(0)
Refreshing native plugins compatible for Editor in 0.65 ms, found 1 plugins.
Preloading 0 native plugins for Editor in 0.00 ms.
Unloading 1885 Unused Serialized files (Serialized files now loaded: 0)
System memory in use before: 91.9 MB.
System memory in use after: 91.9 MB.

Unloading 11 unused Assets to reduce memory usage. Loaded Objects now: 2493.
Total: 4.689900 ms (FindLiveObjects: 1.479500 ms CreateObjectMapping: 0.111800 ms MarkObjects: 2.951100 ms  DeleteObjects: 0.146000 ms)

AssetImportParameters requested are different than current active one (requested -> active):
  requireTextureImportCompression: false -> true
  custom:graphics/normal-map-encoding: 01000000000000000000000000000000 -> 02000000000000000000000000000000
========================================================================
Received Import Request.
  Time since last request: 1001.842510 seconds.
  path: Assets/Config/Resources/Registry.asset
  artifactKey: Guid(1a5cd5d657bf8094bae0ba8b522ede19) Importer(815301076,1909f56bfc062723c751e8b465ee728b)
Start importing Assets/Config/Resources/Registry.asset using Guid(1a5cd5d657bf8094bae0ba8b522ede19) Importer(815301076,1909f56bfc062723c751e8b465ee728b)  -> (artifact id: '197ef6bfe4cd4176e22560b7a5adb503') in 0.072714 seconds
  Import took 0.080111 seconds .

========================================================================
Received Prepare
Registering precompiled user dll's ...
Registered in 0.002468 seconds.
Begin MonoManager ReloadAssembly
Native extension for WindowsStandalone target not found
Native extension for WebGL target not found
Refreshing native plugins compatible for Editor in 1.33 ms, found 1 plugins.
Preloading 0 native plugins for Editor in 0.00 ms.
Invoked RoslynAnalysisRunner static constructor.
RoslynAnalysisRunner will not be running.
RoslynAnalysisRunner has terminated.
Mono: successfully reloaded assembly
- Completed reload, in  2.046 seconds
Platform modules already initialized, skipping
Switching build target platform(5) subTarget(0) extendedPlatform(0) -> platform(13) subTarget(589824) extendedPlatform(0)
Refreshing native plugins compatible for Editor in 0.74 ms, found 1 plugins.
Preloading 0 native plugins for Editor in 0.00 ms.
Unloading 1885 Unused Serialized files (Serialized files now loaded: 0)
System memory in use before: 91.9 MB.
System memory in use after: 92.0 MB.

Unloading 11 unused Assets to reduce memory usage. Loaded Objects now: 2497.
Total: 4.256200 ms (FindLiveObjects: 0.356200 ms CreateObjectMapping: 0.128900 ms MarkObjects: 3.617700 ms  DeleteObjects: 0.151800 ms)

AssetImportParameters requested are different than current active one (requested -> active):
  requireTextureImportCompression: false -> true
  custom:graphics/normal-map-encoding: 01000000000000000000000000000000 -> 02000000000000000000000000000000
========================================================================
Received Prepare
Registering precompiled user dll's ...
Registered in 0.002260 seconds.
Begin MonoManager ReloadAssembly
Native extension for WindowsStandalone target not found
Native extension for WebGL target not found
Refreshing native plugins compatible for Editor in 0.66 ms, found 1 plugins.
Preloading 0 native plugins for Editor in 0.00 ms.
Invoked RoslynAnalysisRunner static constructor.
RoslynAnalysisRunner will not be running.
RoslynAnalysisRunner has terminated.
Mono: successfully reloaded assembly
- Completed reload, in  2.024 seconds
Platform modules already initialized, skipping
Switching build target platform(5) subTarget(0) extendedPlatform(0) -> platform(13) subTarget(589824) extendedPlatform(0)
Refreshing native plugins compatible for Editor in 0.65 ms, found 1 plugins.
Preloading 0 native plugins for Editor in 0.00 ms.
Unloading 1885 Unused Serialized files (Serialized files now loaded: 0)
System memory in use before: 91.9 MB.
System memory in use after: 92.0 MB.

Unloading 11 unused Assets to reduce memory usage. Loaded Objects now: 2501.
Total: 4.921800 ms (FindLiveObjects: 1.612800 ms CreateObjectMapping: 0.116000 ms MarkObjects: 3.013300 ms  DeleteObjects: 0.178200 ms)

AssetImportParameters requested are different than current active one (requested -> active):
  requireTextureImportCompression: false -> true
  custom:graphics/normal-map-encoding: 01000000000000000000000000000000 -> 02000000000000000000000000000000
========================================================================
Received Prepare
Registering precompiled user dll's ...
Registered in 0.001904 seconds.
Begin MonoManager ReloadAssembly
Native extension for WindowsStandalone target not found
Native extension for WebGL target not found
Refreshing native plugins compatible for Editor in 0.67 ms, found 1 plugins.
Preloading 0 native plugins for Editor in 0.00 ms.
Invoked RoslynAnalysisRunner static constructor.
RoslynAnalysisRunner will not be running.
RoslynAnalysisRunner has terminated.
Mono: successfully reloaded assembly
- Completed reload, in  2.266 seconds
Platform modules already initialized, skipping
Switching build target platform(5) subTarget(0) extendedPlatform(0) -> platform(13) subTarget(589824) extendedPlatform(0)
Refreshing native plugins compatible for Editor in 0.68 ms, found 1 plugins.
Preloading 0 native plugins for Editor in 0.00 ms.
Unloading 1885 Unused Serialized files (Serialized files now loaded: 0)
System memory in use before: 92.0 MB.
System memory in use after: 92.0 MB.

Unloading 11 unused Assets to reduce memory usage. Loaded Objects now: 2505.
Total: 4.447100 ms (FindLiveObjects: 0.344700 ms CreateObjectMapping: 0.102700 ms MarkObjects: 3.840200 ms  DeleteObjects: 0.158100 ms)

AssetImportParameters requested are different than current active one (requested -> active):
  requireTextureImportCompression: false -> true
  custom:graphics/normal-map-encoding: 01000000000000000000000000000000 -> 02000000000000000000000000000000
========================================================================
Received Prepare
Registering precompiled user dll's ...
Registered in 0.002595 seconds.
Begin MonoManager ReloadAssembly
Native extension for WindowsStandalone target not found
Native extension for WebGL target not found
Refreshing native plugins compatible for Editor in 0.65 ms, found 1 plugins.
Preloading 0 native plugins for Editor in 0.00 ms.
Invoked RoslynAnalysisRunner static constructor.
RoslynAnalysisRunner will not be running.
RoslynAnalysisRunner has terminated.
Mono: successfully reloaded assembly
- Completed reload, in  1.803 seconds
Platform modules already initialized, skipping
Switching build target platform(5) subTarget(0) extendedPlatform(0) -> platform(13) subTarget(589824) extendedPlatform(0)
Refreshing native plugins compatible for Editor in 0.79 ms, found 1 plugins.
Preloading 0 native plugins for Editor in 0.00 ms.
Unloading 1885 Unused Serialized files (Serialized files now loaded: 0)
System memory in use before: 92.0 MB.
System memory in use after: 92.0 MB.

Unloading 11 unused Assets to reduce memory usage. Loaded Objects now: 2509.
Total: 3.723800 ms (FindLiveObjects: 0.371400 ms CreateObjectMapping: 0.108700 ms MarkObjects: 3.090500 ms  DeleteObjects: 0.151500 ms)

AssetImportParameters requested are different than current active one (requested -> active):
  requireTextureImportCompression: false -> true
  custom:graphics/normal-map-encoding: 01000000000000000000000000000000 -> 02000000000000000000000000000000
========================================================================
Received Prepare
Registering precompiled user dll's ...
Registered in 0.002574 seconds.
Begin MonoManager ReloadAssembly
Native extension for WindowsStandalone target not found
Native extension for WebGL target not found
Refreshing native plugins compatible for Editor in 0.69 ms, found 1 plugins.
Preloading 0 native plugins for Editor in 0.00 ms.
Invoked RoslynAnalysisRunner static constructor.
RoslynAnalysisRunner will not be running.
RoslynAnalysisRunner has terminated.
Mono: successfully reloaded assembly
- Completed reload, in  1.787 seconds
Platform modules already initialized, skipping
Switching build target platform(5) subTarget(0) extendedPlatform(0) -> platform(13) subTarget(589824) extendedPlatform(0)
Refreshing native plugins compatible for Editor in 0.66 ms, found 1 plugins.
Preloading 0 native plugins for Editor in 0.00 ms.
Unloading 1885 Unused Serialized files (Serialized files now loaded: 0)
System memory in use before: 92.0 MB.
System memory in use after: 92.0 MB.

Unloading 11 unused Assets to reduce memory usage. Loaded Objects now: 2513.
Total: 4.924500 ms (FindLiveObjects: 2.086300 ms CreateObjectMapping: 0.124800 ms MarkObjects: 2.569300 ms  DeleteObjects: 0.143000 ms)

AssetImportParameters requested are different than current active one (requested -> active):
  requireTextureImportCompression: false -> true
  custom:graphics/normal-map-encoding: 01000000000000000000000000000000 -> 02000000000000000000000000000000
========================================================================
Received Prepare
Registering precompiled user dll's ...
Registered in 0.001636 seconds.
Begin MonoManager ReloadAssembly
Native extension for WindowsStandalone target not found
Native extension for WebGL target not found
Refreshing native plugins compatible for Editor in 0.77 ms, found 1 plugins.
Preloading 0 native plugins for Editor in 0.00 ms.
Invoked RoslynAnalysisRunner static constructor.
RoslynAnalysisRunner will not be running.
RoslynAnalysisRunner has terminated.
Mono: successfully reloaded assembly
- Completed reload, in  1.909 seconds
Platform modules already initialized, skipping
Switching build target platform(5) subTarget(0) extendedPlatform(0) -> platform(13) subTarget(589824) extendedPlatform(0)
Refreshing native plugins compatible for Editor in 1.11 ms, found 1 plugins.
Preloading 0 native plugins for Editor in 0.00 ms.
Unloading 1885 Unused Serialized files (Serialized files now loaded: 0)
System memory in use before: 92.0 MB.
System memory in use after: 92.0 MB.

Unloading 11 unused Assets to reduce memory usage. Loaded Objects now: 2517.
Total: 3.668800 ms (FindLiveObjects: 0.384800 ms CreateObjectMapping: 0.133900 ms MarkObjects: 2.999400 ms  DeleteObjects: 0.149300 ms)

AssetImportParameters requested are different than current active one (requested -> active):
  requireTextureImportCompression: false -> true
  custom:graphics/normal-map-encoding: 01000000000000000000000000000000 -> 02000000000000000000000000000000
========================================================================
Received Prepare
Registering precompiled user dll's ...
Registered in 0.001615 seconds.
Begin MonoManager ReloadAssembly
Native extension for WindowsStandalone target not found
Native extension for WebGL target not found
Refreshing native plugins compatible for Editor in 0.71 ms, found 1 plugins.
Preloading 0 native plugins for Editor in 0.00 ms.
Invoked RoslynAnalysisRunner static constructor.
RoslynAnalysisRunner will not be running.
RoslynAnalysisRunner has terminated.
Mono: successfully reloaded assembly
- Completed reload, in  2.090 seconds
Platform modules already initialized, skipping
Switching build target platform(5) subTarget(0) extendedPlatform(0) -> platform(13) subTarget(589824) extendedPlatform(0)
Refreshing native plugins compatible for Editor in 0.69 ms, found 1 plugins.
Preloading 0 native plugins for Editor in 0.00 ms.
Unloading 1885 Unused Serialized files (Serialized files now loaded: 0)
System memory in use before: 92.0 MB.
System memory in use after: 92.0 MB.

Unloading 11 unused Assets to reduce memory usage. Loaded Objects now: 2521.
Total: 5.026400 ms (FindLiveObjects: 0.355500 ms CreateObjectMapping: 0.136300 ms MarkObjects: 4.380700 ms  DeleteObjects: 0.152200 ms)

AssetImportParameters requested are different than current active one (requested -> active):
  requireTextureImportCompression: false -> true
  custom:graphics/normal-map-encoding: 01000000000000000000000000000000 -> 02000000000000000000000000000000
AssetImportWorkerClient::OnTransportError - code=2 error=End of file
