Using pre-set license
Built from '2020.3/staging' branch; Version is '2020.3.0f1 (c7b5465681fb) revision 13088070'; Using compiler version '192528614'; Build Type 'Release'
OS: 'Windows 10 Pro; OS build 17763.1282; Version 1809; 64bit' Language: 'en' Physical Memory: 8102 MB
BatchMode: 1, IsHumanControllingUs: 0, StartBugReporterOnCrash: 0, Is64bit: 1, IsPro: 0

 COMMAND LINE ARGUMENTS:
C:\Program Files\Unity\Editor\Unity.exe
-adb2
-batchMode
-noUpm
-name
AssetImportWorker3
-projectPath
C:/Stuff/Games/Ecoexistence/FlappyBee/FlappyBee
-logFile
Logs/AssetImportWorker3.log
-srvPort
51449
Successfully changed project path to: C:/Stuff/Games/Ecoexistence/FlappyBee/FlappyBee
C:/Stuff/Games/Ecoexistence/FlappyBee/FlappyBee
Using Asset Import Pipeline V2.
